1619164705153	geckodriver	INFO	Listening on 127.0.0.1:49364
1619164708078	mozrunner::runner	INFO	Running command: "C:\\Program Files\\Mozilla Firefox\\firefox.exe" "--marionette" "-foreground" "-no-remote" "-profile" "C:\\Users\\meetg\\AppData\\Local\\Temp\\rust_mozprofileejzldA"
console.warn: SearchSettings: "get: No settings file exists, new profile?" (new Error("", "(unknown module)"))
1619164716448	Marionette	INFO	Listening on port 49372
1619164716791	Marionette	WARN	TLS certificate errors will be ignored for this session
JavaScript error: http://inventwithpython.com/js/bootstrap.min.js, line 7: Error: Bootstrap tooltips require Tether (http://tether.io/)
console.warn: LoginRecipes: "getRecipes: falling back to a synchronous message for:" "http://inventwithpython.com"
console.log: WebExtensions: reset-default-search: No addons in our list are installed.
JavaScript error: , line 0: NetworkError: A network error occurred.
console.error: "Error writing request: getGrids"
console.warn: LoginRecipes: "getRecipes: falling back to a synchronous message for:" "https://www.instagram.com"
console.warn: LoginRecipes: "getRecipes: falling back to a synchronous message for:" "https://www.instagram.com"
console.warn: LoginRecipes: "getRecipes: falling back to a synchronous message for:" "https://www.instagram.com"
JavaScript error: http://inventwithpython.com/js/bootstrap.min.js, line 7: Error: Bootstrap tooltips require Tether (http://tether.io/)
console.warn: LoginRecipes: "getRecipes: falling back to a synchronous message for:" "https://www.instagram.com"
JavaScript error: http://inventwithpython.com/js/bootstrap.min.js, line 7: Error: Bootstrap tooltips require Tether (http://tether.io/)
console.warn: LoginRecipes: "getRecipes: falling back to a synchronous message for:" "http://inventwithpython.com"
console.warn: LoginRecipes: "getRecipes: falling back to a synchronous message for:" "https://www.instagram.com"
console.warn: LoginRecipes: "getRecipes: falling back to a synchronous message for:" "https://www.instagram.com"
console.warn: LoginRecipes: "getRecipes: falling back to a synchronous message for:" "https://www.instagram.com"
console.warn: LoginRecipes: "getRecipes: falling back to a synchronous message for:" "https://www.instagram.com"
console.warn: LoginRecipes: "getRecipes: falling back to a synchronous message for:" "https://accounts.google.com"
1619167445836	Marionette	INFO	Stopped listening on port 49372

###!!! [Child][RunMessage] Error: Channel closing: too late to send/recv, messages will be lost

 [Child][RunMessage] Error: Channel closing: too late to send/recv, messages will be lost

1619165565263	geckodriver	INFO	Listening on 127.0.0.1:49640
1619165568332	mozrunner::runner	INFO	Running command: "C:\\Program Files\\Mozilla Firefox\\firefox.exe" "--marionette" "-foreground" "-no-remote" "-profile" "C:\\Users\\meetg\\AppData\\Local\\Temp\\rust_mozprofile1E4hIr"
console.warn: SearchSettings: "get: No settings file exists, new profile?" (new Error("", "(unknown module)"))
1619165573896	Marionette	INFO	Listening on port 49648
1619165574253	Marionette	WARN	TLS certificate errors will be ignored for this session
JavaScript error: http://inventwithpython.com/js/bootstrap.min.js, line 7: Error: Bootstrap tooltips require Tether (http://tether.io/)
1619165647736	Marionette	INFO	Stopped listening on port 49648

###!!! [Child][RunMessage] Error: Channel closing: too late to send/recv, messages will be lost

1619165696316	geckodriver	INFO	Listening on 127.0.0.1:49726
1619165699149	mozrunner::runner	INFO	Running command: "C:\\Program Files\\Mozilla Firefox\\firefox.exe" "--marionette" "-foreground" "-no-remote" "-profile" "C:\\Users\\meetg\\AppData\\Local\\Temp\\rust_mozprofileJNxEWz"
console.warn: SearchSettings: "get: No settings file exists, new profile?" (new Error("", "(unknown module)"))
1619165704444	Marionette	INFO	Listening on port 49734
1619165704521	Marionette	WARN	TLS certificate errors will be ignored for this session
JavaScript error: http://inventwithpython.com/js/bootstrap.min.js, line 7: Error: Bootstrap tooltips require Tether (http://tether.io/)
JavaScript warning: https://ajax.googleapis.com/ajax/libs/jquery/1.10.2/jquery.min.js, line 2: Using //@ to indicate sourceMappingURL pragmas is deprecated. Use //# instead
*** UTM:SVC TimerManager:registerTimer called after profile-before-change notification. Ignoring timer registration for id: telemetry_modules_ping
*** UTM:SVC TimerManager:registerTimer called after profile-before-change notification. Ignoring timer registration for id: telemetry_untrustedmodules_ping
1619165760172	Marionette	INFO	Stopped listening on port 49734

###!!! [Child][RunMessage] Error: Channel closing: too late to send/recv, messages will be lost

1619165888678	geckodriver	INFO	Listening on 127.0.0.1:49825
1619165891701	mozrunner::runner	INFO	Running command: "C:\\Program Files\\Mozilla Firefox\\firefox.exe" "--marionette" "-foreground" "-no-remote" "-profile" "C:\\Users\\meetg\\AppData\\Local\\Temp\\rust_mozprofiletokVjG"
console.warn: SearchSettings: "get: No settings file exists, new profile?" (new Error("", "(unknown module)"))
1619165897165	Marionette	INFO	Listening on port 49833
1619165897627	Marionette	WARN	TLS certificate errors will be ignored for this session
JavaScript error: http://inventwithpython.com/js/bootstrap.min.js, line 7: Error: Bootstrap tooltips require Tether (http://tether.io/)
JavaScript error: , line 0: NetworkError: A network error occurred.
1619166090293	Marionette	INFO	Stopped listening on port 49833

###!!! [Child][RunMessage] Error: Channel closing: too late to send/recv, messages will be lost

1619166414197	geckodriver	INFO	Listening on 127.0.0.1:49985
1619166417282	mozrunner::runner	INFO	Running command: "C:\\Program Files\\Mozilla Firefox\\firefox.exe" "--marionette" "-foreground" "-no-remote" "-profile" "C:\\Users\\meetg\\AppData\\Local\\Temp\\rust_mozprofileEoOBmG"
console.warn: SearchSettings: "get: No settings file exists, new profile?" (new Error("", "(unknown module)"))
1619166422836	Marionette	INFO	Listening on port 49994
1619166423291	Marionette	WARN	TLS certificate errors will be ignored for this session
1619166431027	Marionette	INFO	Stopped listening on port 49994
1619166686504	geckodriver	INFO	Listening on 127.0.0.1:50079
1619166689547	mozrunner::runner	INFO	Running command: "C:\\Program Files\\Mozilla Firefox\\firefox.exe" "--marionette" "-foreground" "-no-remote" "-profile" "C:\\Users\\meetg\\AppData\\Local\\Temp\\rust_mozprofilemSUFXH"
console.warn: SearchSettings: "get: No settings file exists, new profile?" (new Error("", "(unknown module)"))
1619166694645	Marionette	INFO	Listening on port 50087
1619166695142	Marionette	WARN	TLS certificate errors will be ignored for this session

###!!! [Child][RunMessage] Error: Channel closing: too late to send/recv, messages will be lost

1619166731237	Marionette	INFO	Stopped listening on port 50087
1619166805827	geckodriver	INFO	Listening on 127.0.0.1:50160
1619166808898	mozrunner::runner	INFO	Running command: "C:\\Program Files\\Mozilla Firefox\\firefox.exe" "--marionette" "-foreground" "-no-remote" "-profile" "C:\\Users\\meetg\\AppData\\Local\\Temp\\rust_mozprofileiTjqrD"
console.warn: SearchSettings: "get: No settings file exists, new profile?" (new Error("", "(unknown module)"))
1619166814063	Marionette	INFO	Listening on port 50168
1619166814225	Marionette	WARN	TLS certificate errors will be ignored for this session

###!!! [Child][RunMessage] Error: Channel closing: too late to send/recv, messages will be lost

1619166825098	Marionette	INFO	Stopped listening on port 50168

###!!! [Child][RunMessage] Error: Channel closing: too late to send/recv, messages will be lost

1619167185942	geckodriver	INFO	Listening on 127.0.0.1:50278
1619167188975	mozrunner::runner	INFO	Running command: "C:\\Program Files\\Mozilla Firefox\\firefox.exe" "--marionette" "-foreground" "-no-remote" "-profile" "C:\\Users\\meetg\\AppData\\Local\\Temp\\rust_mozprofileTXaapq"
console.warn: SearchSettings: "get: No settings file exists, new profile?" (new Error("", "(unknown module)"))
1619167194314	Marionette	INFO	Listening on port 50286
1619167194883	Marionette	WARN	TLS certificate errors will be ignored for this session
console.warn: LoginRecipes: "getRecipes: falling back to a synchronous message for:" "https://accounts.google.com"
1619167447198	Marionette	INFO	Stopped listening on port 50286

###!!! [Child][RunMessage] Error: Channel closing: too late to send/recv, messages will be lost

"--marionette" "-foreground" "-no-remote" "-profile" "C:\\Users\\meetg\\AppData\\Local\\Temp\\rust_mozprofilesHEANT"
console.warn: SearchSettings: "get: No settings file exists, new profile?" (new Error("", "(unknown module)"))
1619167383626	Marionette	INFO	Listening on port 50400
1619167384199	Marionette	WARN	TLS certificate errors will be ignored for this session
1619167448085	Marionette	INFO	Stopped listening on port 50400
1619167485924	geckodriver	INFO	Listening on 127.0.0.1:50465
1619167488874	mozrunner::runner	INFO	Running command: "C:\\Program Files\\Mozilla Firefox\\firefox.exe" "--marionette" "-foreground" "-no-remote" "-profile" "C:\\Users\\meetg\\AppData\\Local\\Temp\\rust_mozprofiletlgKS6"
console.warn: SearchSettings: "get: No settings file exists, new profile?" (new Error("", "(unknown module)"))
1619167493582	Marionette	INFO	Listening on port 50473
1619167493698	Marionette	WARN	TLS certificate errors will be ignored for this session
console.warn: LoginRecipes: "getRecipes: falling back to a synchronous message for:" "https://www.instagram.com"
SourceActor threw an exception: [Exception... "Component returned failure code: 0x80470002 (NS_BASE_STREAM_CLOSED) [nsIInputStream.available]"  nsresult: "0x80470002 (NS_BASE_STREAM_CLOSED)"  location: "JS frame :: resource://devtools/shared/DevToolsUtils.js :: onResponse :: line 567"  data: no]
Stack: onResponse@resource://devtools/shared/DevToolsUtils.js:567:34
onStopRequest@resource://gre/modules/NetUtil.jsm:128:18
Line: 567, column: 0
console.error: ({})
JavaScript error: resource://devtools/shared/DevToolsUtils.js, line 567: NS_BASE_STREAM_CLOSED: Component returned failure code: 0x80470002 (NS_BASE_STREAM_CLOSED) [nsIInputStream.available]
console.warn: LoginRecipes: "getRecipes: falling back to a synchronous message for:" "https://www.instagram.com"
console.warn: LoginRecipes: "getRecipes: falling back to a synchronous message for:" "https://www.instagram.com"
console.log: WebExtensions: reset-default-search: No addons in our list are installed.

###!!! [Child][RunMessage] Error: Channel closing: too late to send/recv, messages will be lost

1619168395677	Marionette	INFO	Stopped listening on port 50473
Temp\\rust_mozprofilef0Wp47"
console.warn: SearchSettings: "get: No settings file exists, new profile?" (new Error("", "(unknown module)"))
1619167881099	Marionette	INFO	Listening on port 50587
1619167881514	Marionette	WARN	TLS certificate errors will be ignored for this session
JavaScript error: resource:///modules/UrlbarProviderHeuristicFallback.jsm, line 201: URIError: malformed URI sequence
JavaScript error: resource:///modules/UrlbarProviderHeuristicFallback.jsm, line 201: URIError: malformed URI sequence
JavaScript error: resource:///modules/UrlbarProviderHeuristicFallback.jsm, line 201: URIError: malformed URI sequence
JavaScript error: resource:///modules/UrlbarProviderHeuristicFallback.jsm, line 201: URIError: malformed URI sequence
console.log: WebExtensions: reset-default-search: No addons in our list are installed.
1619168388931	Marionette	INFO	Stopped listening on port 50587

###!!! [Child][RunMessage] Error: Channel closing: too late to send/recv, messages will be lost

Temp\\rust_mozprofilep53RT0"
console.warn: SearchSettings: "get: No settings file exists, new profile?" (new Error("", "(unknown module)"))
1619167955133	Marionette	INFO	Listening on port 50664
1619167955583	Marionette	WARN	TLS certificate errors will be ignored for this session

###!!! [Child][RunMessage] Error: Channel closing: too late to send/recv, messages will be lost

1619168397315	Marionette	INFO	Stopped listening on port 50664

###!!! [Child][RunMessage] Error: Channel closing: too late to send/recv, messages will be lost

zprofileiNdalc"
console.warn: SearchSettings: "get: No settings file exists, new profile?" (new Error("", "(unknown module)"))
1619168093334	Marionette	INFO	Listening on port 50746
1619168093576	Marionette	WARN	TLS certificate errors will be ignored for this session

###!!! [Child][RunMessage] Error: Channel closing: too late to send/recv, messages will be lost

1619168392286	Marionette	INFO	Stopped listening on port 50746

###!!! [Child][RunMessage] Error: Channel closing: too late to send/recv, messages will be lost

1619168544841	geckodriver	INFO	Listening on 127.0.0.1:54466
1619168547922	mozrunner::runner	INFO	Running command: "C:\\Program Files\\Mozilla Firefox\\firefox.exe" "--marionette" "-foreground" "-no-remote" "-profile" "C:\\Users\\meetg\\AppData\\Local\\Temp\\rust_mozprofiledrIiO9"
console.warn: SearchSettings: "get: No settings file exists, new profile?" (new Error("", "(unknown module)"))
1619168553166	Marionette	INFO	Listening on port 54475
1619168553448	Marionette	WARN	TLS certificate errors will be ignored for this session
console.log: WebExtensions: reset-default-search: No addons in our list are installed.
1619173481423	Marionette	INFO	Stopped listening on port 54475

###!!! [Child][RunMessage] Error: Channel closing: too late to send/recv, messages will be lost

Temp\\rust_mozprofileJTZ32J"
console.warn: SearchSettings: "get: No settings file exists, new profile?" (new Error("", "(unknown module)"))
1619168656558	Marionette	INFO	Listening on port 54594
1619168656706	Marionette	WARN	TLS certificate errors will be ignored for this session
1619173483268	Marionette	INFO	Stopped listening on port 54594

###!!! [Child][RunMessage] Error: Channel closing: too late to send/recv, messages will be lost

"--marionette" "-foreground" "-no-remote" "-profile" "C:\\Users\\meetg\\AppData\\Local\\Temp\\rust_mozprofileBI7zwn"
console.warn: SearchSettings: "get: No settings file exists, new profile?" (new Error("", "(unknown module)"))
1619168898670	Marionette	INFO	Listening on port 54779
1619168899041	Marionette	WARN	TLS certificate errors will be ignored for this session
1619168932228	Marionette	INFO	Stopped listening on port 54779

###!!! [Child][RunMessage] Error: Channel closing: too late to send/recv, messages will be lost

1619173485803	geckodriver	INFO	Listening on 127.0.0.1:64266
1619173488830	mozrunner::runner	INFO	Running command: "C:\\Program Files\\Mozilla Firefox\\firefox.exe" "--marionette" "-foreground" "-no-remote" "-profile" "C:\\Users\\meetg\\AppData\\Local\\Temp\\rust_mozprofileDyhJf9"
console.warn: SearchSettings: "get: No settings file exists, new profile?" (new Error("", "(unknown module)"))
1619173495731	Marionette	INFO	Listening on port 64275
1619173496104	Marionette	WARN	TLS certificate errors will be ignored for this session

###!!! [Child][RunMessage] Error: Channel closing: too late to send/recv, messages will be lost

1619173519588	Marionette	INFO	Stopped listening on port 64275

###!!! [Child][RunMessage] Error: Channel closing: too late to send/recv, messages will be lost

1619173589616	geckodriver	INFO	Listening on 127.0.0.1:64416
1619173592661	mozrunner::runner	INFO	Running command: "C:\\Program Files\\Mozilla Firefox\\firefox.exe" "--marionette" "-foreground" "-no-remote" "-profile" "C:\\Users\\meetg\\AppData\\Local\\Temp\\rust_mozprofileBUiZ66"
console.warn: SearchSettings: "get: No settings file exists, new profile?" (new Error("", "(unknown module)"))
1619173598192	Marionette	INFO	Listening on port 64425
1619173598603	Marionette	WARN	TLS certificate errors will be ignored for this session
SourceActor threw an exception: [Exception... "Component returned failure code: 0x80470002 (NS_BASE_STREAM_CLOSED) [nsIInputStream.available]"  nsresult: "0x80470002 (NS_BASE_STREAM_CLOSED)"  location: "JS frame :: resource://devtools/shared/DevToolsUtils.js :: onResponse :: line 567"  data: no]
Stack: onResponse@resource://devtools/shared/DevToolsUtils.js:567:34
onStopRequest@resource://gre/modules/NetUtil.jsm:128:18
Line: 567, column: 0
console.error: ({})
JavaScript error: resource://devtools/shared/DevToolsUtils.js, line 567: NS_BASE_STREAM_CLOSED: Component returned failure code: 0x80470002 (NS_BASE_STREAM_CLOSED) [nsIInputStream.available]
console.log: WebExtensions: reset-default-search: No addons in our list are installed.
1619174141847	Marionette	INFO	Stopped listening on port 64425

###!!! [Child][RunMessage] Error: Channel closing: too late to send/recv, messages will be lost

Temp\\rust_mozprofileMITOFx"
console.warn: SearchSettings: "get: No settings file exists, new profile?" (new Error("", "(unknown module)"))
1619173891565	Marionette	INFO	Listening on port 64678
1619173891824	Marionette	WARN	TLS certificate errors will be ignored for this session
1619174000146	Marionette	INFO	Stopped listening on port 64678

###!!! [Child][RunMessage] Error: Channel closing: too late to send/recv, messages will be lost

"--marionette" "-foreground" "-no-remote" "-profile" "C:\\Users\\meetg\\AppData\\Local\\Temp\\rust_mozprofile9drqip"
console.warn: SearchSettings: "get: No settings file exists, new profile?" (new Error("", "(unknown module)"))
1619173968347	Marionette	INFO	Listening on port 64803
1619173968442	Marionette	WARN	TLS certificate errors will be ignored for this session
Marionette threw an error: TypeError: this.curBrowser.contentBrowser is null
GeckoDriver.prototype.navigateTo@chrome://marionette/content/driver.js:1010:3

JavaScript error: , line 0: NotFoundError: No such JSWindowActor 'MarionetteEvents'
JavaScript error: , line 0: NotFoundError: No such JSWindowActor 'MarionetteEvents'
JavaScript error: , line 0: NotFoundError: No such JSWindowActor 'MarionetteEvents'
1619173973732	Marionette	INFO	Stopped listening on port 64803

###!!! [Child][RunMessage] Error: Channel closing: too late to send/recv, messages will be lost

1619173988124	geckodriver	INFO	Listening on 127.0.0.1:64875
1619173991025	mozrunner::runner	INFO	Running command: "C:\\Program Files\\Mozilla Firefox\\firefox.exe" "--marionette" "-foreground" "-no-remote" "-profile" "C:\\Users\\meetg\\AppData\\Local\\Temp\\rust_mozprofileohohBf"
console.warn: SearchSettings: "get: No settings file exists, new profile?" (new Error("", "(unknown module)"))
1619173997014	Marionette	INFO	Listening on port 64887
1619173997124	Marionette	WARN	TLS certificate errors will be ignored for this session
SourceActor threw an exception: [Exception... "Component returned failure code: 0x80470002 (NS_BASE_STREAM_CLOSED) [nsIInputStream.available]"  nsresult: "0x80470002 (NS_BASE_STREAM_CLOSED)"  location: "JS frame :: resource://devtools/shared/DevToolsUtils.js :: onResponse :: line 567"  data: no]
Stack: onResponse@resource://devtools/shared/DevToolsUtils.js:567:34
onStopRequest@resource://gre/modules/NetUtil.jsm:128:18
Line: 567, column: 0
console.error: ({})
JavaScript error: resource://devtools/shared/DevToolsUtils.js, line 567: NS_BASE_STREAM_CLOSED: Component returned failure code: 0x80470002 (NS_BASE_STREAM_CLOSED) [nsIInputStream.available]

###!!! [Child][RunMessage] Error: Channel closing: too late to send/recv, messages will be lost

1619174142902	Marionette	INFO	Stopped listening on port 64887

###!!! [Child][RunMessage] Error: Channel closing: too late to send/recv, messages will be lost

1619174144920	geckodriver	INFO	Listening on 127.0.0.1:65050
1619174147970	mozrunner::runner	INFO	Running command: "C:\\Program Files\\Mozilla Firefox\\firefox.exe" "--marionette" "-foreground" "-no-remote" "-profile" "C:\\Users\\meetg\\AppData\\Local\\Temp\\rust_mozprofileIMMZQo"
console.warn: SearchSettings: "get: No settings file exists, new profile?" (new Error("", "(unknown module)"))
1619174153306	Marionette	INFO	Listening on port 65060
1619174153446	Marionette	WARN	TLS certificate errors will be ignored for this session
SourceActor threw an exception: [Exception... "Component returned failure code: 0x80470002 (NS_BASE_STREAM_CLOSED) [nsIInputStream.available]"  nsresult: "0x80470002 (NS_BASE_STREAM_CLOSED)"  location: "JS frame :: resource://devtools/shared/DevToolsUtils.js :: onResponse :: line 567"  data: no]
Stack: onResponse@resource://devtools/shared/DevToolsUtils.js:567:34
onStopRequest@resource://gre/modules/NetUtil.jsm:128:18
Line: 567, column: 0
console.error: ({})
JavaScript error: resource://devtools/shared/DevToolsUtils.js, line 567: NS_BASE_STREAM_CLOSED: Component returned failure code: 0x80470002 (NS_BASE_STREAM_CLOSED) [nsIInputStream.available]
console.warn: LoginRecipes: "getRecipes: falling back to a synchronous message for:" "https://www.instagram.com"
JavaScript error: https://www.instagram.com/static/bundles/es6/Consumer.js/75cab0450f10.js, line 954: TypeError: this.props is undefined

###!!! [Child][MessageChannel] Error: (msgtype=0x3A0143,name=PContent::Msg_ScriptError) Channel closing: too late to send/recv, messages will be lost


###!!! [Child][MessageChannel] Error: (msgtype=0xB60006,name=PWebSocket::Msg_DeleteSelf) Channel closing: too late to send/recv, messages will be lost


###!!! [Child][RunMessage] Error: Channel closing: too late to send/recv, messages will be lost

1619174303345	Marionette	INFO	Stopped listening on port 65060

###!!! [Child][RunMessage] Error: Channel closing: too late to send/recv, messages will be lost

1619174306037	geckodriver	INFO	Listening on 127.0.0.1:65221
1619174309067	mozrunner::runner	INFO	Running command: "C:\\Program Files\\Mozilla Firefox\\firefox.exe" "--marionette" "-foreground" "-no-remote" "-profile" "C:\\Users\\meetg\\AppData\\Local\\Temp\\rust_mozprofilehA3ATq"
1619174321318	geckodriver	INFO	Listening on 127.0.0.1:65241
1619174324337	mozrunner::runner	INFO	Running command: "C:\\Program Files\\Mozilla Firefox\\firefox.exe" "--marionette" "-foreground" "-no-remote" "-profile" "C:\\Users\\meetg\\AppData\\Local\\Temp\\rust_mozprofile7aivXo"
console.warn: SearchSettings: "get: No settings file exists, new profile?" (new Error("", "(unknown module)"))
1619174329093	Marionette	INFO	Listening on port 65250
1619174329256	Marionette	WARN	TLS certificate errors will be ignored for this session
JavaScript error: https://www.instagram.com/static/bundles/es6/Consumer.js/75cab0450f10.js, line 954: TypeError: this.props is undefined
1619174445440	Marionette	INFO	Stopped listening on port 65250

###!!! [Child][RunMessage] Error: Channel closing: too late to send/recv, messages will be lost

1619174447589	geckodriver	INFO	Listening on 127.0.0.1:65387
1619174450629	mozrunner::runner	INFO	Running command: "C:\\Program Files\\Mozilla Firefox\\firefox.exe" "--marionette" "-foreground" "-no-remote" "-profile" "C:\\Users\\meetg\\AppData\\Local\\Temp\\rust_mozprofile1jxD5b"
console.warn: SearchSettings: "get: No settings file exists, new profile?" (new Error("", "(unknown module)"))
1619174455671	Marionette	INFO	Listening on port 65397
1619174456053	Marionette	WARN	TLS certificate errors will be ignored for this session
1619174499037	Marionette	INFO	Stopped listening on port 65397

###!!! [Child][RunMessage] Error: Channel closing: too late to send/recv, messages will be lost

"--marionette" "-foreground" "-no-remote" "-profile" "C:\\Users\\meetg\\AppData\\Local\\Temp\\rust_mozprofileYLVKU3"
console.warn: SearchSettings: "get: No settings file exists, new profile?" (new Error("", "(unknown module)"))
1619174503551	Marionette	INFO	Listening on port 65499
1619174503860	Marionette	WARN	TLS certificate errors will be ignored for this session
1619174544329	Marionette	INFO	Stopped listening on port 65499

###!!! [Child][RunMessage] Error: Channel closing: too late to send/recv, messages will be lost

1619174546990	geckodriver	INFO	Listening on 127.0.0.1:49213
1619174550108	mozrunner::runner	INFO	Running command: "C:\\Program Files\\Mozilla Firefox\\firefox.exe" "--marionette" "-foreground" "-no-remote" "-profile" "C:\\Users\\meetg\\AppData\\Local\\Temp\\rust_mozprofilehbd5Wh"
console.warn: SearchSettings: "get: No settings file exists, new profile?" (new Error("", "(unknown module)"))
1619174555479	Marionette	INFO	Listening on port 49225
1619174555531	Marionette	WARN	TLS certificate errors will be ignored for this session

###!!! [Child][RunMessage] Error: Channel closing: too late to send/recv, messages will be lost

1619174658731	Marionette	INFO	Stopped listening on port 49225

###!!! [Child][RunMessage] Error: Channel closing: too late to send/recv, messages will be lost

zprofile8ErFTP"
console.warn: SearchSettings: "get: No settings file exists, new profile?" (new Error("", "(unknown module)"))
1619174639832	Marionette	INFO	Listening on port 49347
1619174640256	Marionette	WARN	TLS certificate errors will be ignored for this session
[Parent 13376, IPC I/O Parent] WARNING: file /builds/worker/checkouts/gecko/ipc/chromium/src/base/process_util_win.cc:167
1619174656670	Marionette	INFO	Stopped listening on port 49347

###!!! [Child][RunMessage] Error: Channel closing: too late to send/recv, messages will be lost

1619196897383	geckodriver	INFO	Listening on 127.0.0.1:52948
1619196900497	mozrunner::runner	INFO	Running command: "C:\\Program Files\\Mozilla Firefox\\firefox.exe" "--marionette" "-foreground" "-no-remote" "-profile" "C:\\Users\\meetg\\AppData\\Local\\Temp\\rust_mozprofileBGo2rO"
console.warn: SearchSettings: "get: No settings file exists, new profile?" (new Error("", "(unknown module)"))
1619196914618	geckodriver	INFO	Listening on 127.0.0.1:52974
1619196917699	mozrunner::runner	INFO	Running command: "C:\\Program Files\\Mozilla Firefox\\firefox.exe" "--marionette" "-foreground" "-no-remote" "-profile" "C:\\Users\\meetg\\AppData\\Local\\Temp\\rust_mozprofileso8Yzy"
console.warn: SearchSettings: "get: No settings file exists, new profile?" (new Error("", "(unknown module)"))
1619196921765	Marionette	INFO	Listening on port 52982
1619196921919	Marionette	WARN	TLS certificate errors will be ignored for this session
JavaScript warning: https://ajax.googleapis.com/ajax/libs/jquery/1.10.2/jquery.min.js, line 2: Using //@ to indicate sourceMappingURL pragmas is deprecated. Use //# instead
1619196944836	Marionette	INFO	Stopped listening on port 52982

###!!! [Child][RunMessage] Error: Channel closing: too late to send/recv, messages will be lost

1619197011991	geckodriver	INFO	Listening on 127.0.0.1:53052
1619197015029	mozrunner::runner	INFO	Running command: "C:\\Program Files\\Mozilla Firefox\\firefox.exe" "--marionette" "-foreground" "-no-remote" "-profile" "C:\\Users\\meetg\\AppData\\Local\\Temp\\rust_mozprofileHBKU8C"
console.warn: SearchSettings: "get: No settings file exists, new profile?" (new Error("", "(unknown module)"))
1619197020381	Marionette	INFO	Listening on port 53060
1619197020874	Marionette	WARN	TLS certificate errors will be ignored for this session
JavaScript warning: https://ajax.googleapis.com/ajax/libs/jquery/1.10.2/jquery.min.js, line 2: Using //@ to indicate sourceMappingURL pragmas is deprecated. Use //# instead
1619197104266	Marionette	INFO	Stopped listening on port 53060
9197082094	mozrunner::runner	INFO	Running command: "C:\\Program Files\\Mozilla Firefox\\firefox.exe" "--marionette" "-foreground" "-no-remote" "-profile" "C:\\Users\\meetg\\AppData\\Local\\Temp\\rust_mozprofilehTL93B"
console.warn: SearchSettings: "get: No settings file exists, new profile?" (new Error("", "(unknown module)"))
1619197087236	Marionette	INFO	Listening on port 53134
1619197087423	Marionette	WARN	TLS certificate errors will be ignored for this session
JavaScript warning: https://ajax.googleapis.com/ajax/libs/jquery/1.10.2/jquery.min.js, line 2: Using //@ to indicate sourceMappingURL pragmas is deprecated. Use //# instead
1619197102157	Marionette	INFO	Stopped listening on port 53134

###!!! [Child][RunMessage] Error: Channel closing: too late to send/recv, messages will be lost

1619197182157	geckodriver	INFO	Listening on 127.0.0.1:53198
1619197185084	mozrunner::runner	INFO	Running command: "C:\\Program Files\\Mozilla Firefox\\firefox.exe" "--marionette" "-foreground" "-no-remote" "-profile" "C:\\Users\\meetg\\AppData\\Local\\Temp\\rust_mozprofileQ9VZgM"
console.warn: SearchSettings: "get: No settings file exists, new profile?" (new Error("", "(unknown module)"))
1619197191055	Marionette	INFO	Listening on port 53206
1619197191537	Marionette	WARN	TLS certificate errors will be ignored for this session
JavaScript warning: https://ajax.googleapis.com/ajax/libs/jquery/1.10.2/jquery.min.js, line 2: Using //@ to indicate sourceMappingURL pragmas is deprecated. Use //# instead
1619197202643	Marionette	INFO	Stopped listening on port 53206

###!!! [Child][RunMessage] Error: Channel closing: too late to send/recv, messages will be lost

1619197239818	geckodriver	INFO	Listening on 127.0.0.1:53272
1619197242886	mozrunner::runner	INFO	Running command: "C:\\Program Files\\Mozilla Firefox\\firefox.exe" "--marionette" "-foreground" "-no-remote" "-profile" "C:\\Users\\meetg\\AppData\\Local\\Temp\\rust_mozprofile9NrxO1"
console.warn: SearchSettings: "get: No settings file exists, new profile?" (new Error("", "(unknown module)"))
1619197248708	Marionette	INFO	Listening on port 53280
1619197248742	Marionette	WARN	TLS certificate errors will be ignored for this session
JavaScript warning: https://ajax.googleapis.com/ajax/libs/jquery/1.10.2/jquery.min.js, line 2: Using //@ to indicate sourceMappingURL pragmas is deprecated. Use //# instead
1619197256040	Marionette	INFO	Stopped listening on port 53280

###!!! [Child][RunMessage] Error: Channel closing: too late to send/recv, messages will be lost

